0 info it worked if it ends with ok
1 verbose cli [ 'node', '/usr/local/bin/npm', 'install', 'web-push' ]
2 info using npm@2.11.3
3 info using node@v0.12.7
4 verbose install initial load of /Users/chrismills/git/package.json
5 verbose installManyTop reading scoped package data from /Users/chrismills/git/node_modules/bower/package.json
6 verbose installManyTop reading scoped package data from /Users/chrismills/git/node_modules/connect/package.json
7 verbose installManyTop reading scoped package data from /Users/chrismills/git/node_modules/express/package.json
8 verbose installManyTop reading scoped package data from /Users/chrismills/git/node_modules/serve-static/package.json
9 info package.json bower@1.3.9 No license field.
10 verbose readDependencies loading dependencies from /Users/chrismills/git/package.json
11 silly cache add args [ 'web-push', null ]
12 verbose cache add spec web-push
13 silly cache add parsed spec { raw: 'web-push',
13 silly cache add   scope: null,
13 silly cache add   name: 'web-push',
13 silly cache add   rawSpec: '',
13 silly cache add   spec: '*',
13 silly cache add   type: 'range' }
14 silly addNamed web-push@*
15 verbose addNamed "*" is a valid semver range for web-push
16 silly addNameRange { name: 'web-push', range: '*', hasData: false }
17 silly mapToRegistry name web-push
18 silly mapToRegistry using default registry
19 silly mapToRegistry registry https://registry.npmjs.org/
20 silly mapToRegistry uri https://registry.npmjs.org/web-push
21 verbose addNameRange registry:https://registry.npmjs.org/web-push not in flight; fetching
22 verbose request uri https://registry.npmjs.org/web-push
23 verbose request no auth needed
24 info attempt registry request try #1 at 1:22:30 PM
25 verbose request id 3dd4333b23489b1d
26 verbose etag "1YLF6QC6KYFBY17CDLJ32XZCQ"
27 http request GET https://registry.npmjs.org/web-push
28 http 304 https://registry.npmjs.org/web-push
29 silly get cb [ 304,
29 silly get   { date: 'Fri, 16 Oct 2015 12:22:30 GMT',
29 silly get     via: '1.1 varnish',
29 silly get     'cache-control': 'max-age=60',
29 silly get     etag: '"1YLF6QC6KYFBY17CDLJ32XZCQ"',
29 silly get     age: '30',
29 silly get     connection: 'keep-alive',
29 silly get     'x-served-by': 'cache-lcy1122-LCY',
29 silly get     'x-cache': 'HIT',
29 silly get     'x-cache-hits': '1',
29 silly get     'x-timer': 'S1444998150.164009,VS0,VE0',
29 silly get     vary: 'Accept' } ]
30 verbose etag https://registry.npmjs.org/web-push from cache
31 verbose get saving web-push to /Users/chrismills/.npm/registry.npmjs.org/web-push/.cache.json
32 silly addNameRange number 2 { name: 'web-push', range: '*', hasData: true }
33 silly addNameRange versions [ 'web-push',
33 silly addNameRange   [ '0.0.1',
33 silly addNameRange     '0.0.2',
33 silly addNameRange     '0.0.3',
33 silly addNameRange     '0.0.4',
33 silly addNameRange     '0.0.5',
33 silly addNameRange     '0.0.6',
33 silly addNameRange     '0.0.7',
33 silly addNameRange     '0.0.8',
33 silly addNameRange     '0.0.9' ] ]
34 silly addNamed web-push@0.0.9
35 verbose addNamed "0.0.9" is a plain semver version for web-push
36 silly cache afterAdd web-push@0.0.9
37 verbose afterAdd /Users/chrismills/.npm/web-push/0.0.9/package/package.json not in flight; writing
38 verbose afterAdd /Users/chrismills/.npm/web-push/0.0.9/package/package.json written
39 silly install resolved [ { name: 'web-push',
39 silly install resolved     version: '0.0.9',
39 silly install resolved     description: 'Web Push library for Node.js',
39 silly install resolved     main: 'index.js',
39 silly install resolved     scripts:
39 silly install resolved      { test: 'mocha --ui tdd',
39 silly install resolved        'selenium-init': 'node demo/selenium-init.js',
39 silly install resolved        'test-selenium': 'node demo/selenium.js 0',
39 silly install resolved        'test-selenium-payload': 'node demo/selenium.js 0 marco',
39 silly install resolved        'test-selenium-restart': 'node demo/selenium.js 2',
39 silly install resolved        'test-selenium-restart-payload': 'node demo/selenium.js 2 marco' },
39 silly install resolved     repository:
39 silly install resolved      { type: 'git',
39 silly install resolved        url: 'git+https://github.com/marco-c/web-push.git' },
39 silly install resolved     keywords: [ 'web push', 'push', 'notifications', 'push notifications' ],
39 silly install resolved     author: { name: 'Marco Castelluccio' },
39 silly install resolved     license: 'MPL-2.0',
39 silly install resolved     bugs: { url: 'https://github.com/marco-c/web-push/issues' },
39 silly install resolved     homepage: 'https://github.com/marco-c/web-push#readme',
39 silly install resolved     dependencies:
39 silly install resolved      { 'urlsafe-base64': '^1.0.0',
39 silly install resolved        'encrypted-content-encoding': 'git://github.com/martinthomson/encrypted-content-encoding.git' },
39 silly install resolved     devDependencies:
39 silly install resolved      { 'fs-extra': '^0.24.0',
39 silly install resolved        request: '^2.64.0',
39 silly install resolved        'selenium-webdriver': '^2.47.0',
39 silly install resolved        temp: '^0.8.3' },
39 silly install resolved     gitHead: 'eec6228d7d7ef0c4f7c0ce590bac95a1aec5e84f',
39 silly install resolved     _id: 'web-push@0.0.9',
39 silly install resolved     _shasum: '493e0633e196d3d43ea66fd0d31367ec8ea00055',
39 silly install resolved     _from: 'web-push@*',
39 silly install resolved     _npmVersion: '2.11.3',
39 silly install resolved     _nodeVersion: '0.12.7',
39 silly install resolved     _npmUser: { name: 'marco-c', email: 'mar.castelluccio@studenti.unina.it' },
39 silly install resolved     dist:
39 silly install resolved      { shasum: '493e0633e196d3d43ea66fd0d31367ec8ea00055',
39 silly install resolved        tarball: 'http://registry.npmjs.org/web-push/-/web-push-0.0.9.tgz' },
39 silly install resolved     maintainers: [ [Object] ],
39 silly install resolved     directories: {},
39 silly install resolved     _resolved: 'https://registry.npmjs.org/web-push/-/web-push-0.0.9.tgz',
39 silly install resolved     readme: 'ERROR: No README data found!' } ]
40 info install web-push@0.0.9 into /Users/chrismills/git
41 info installOne web-push@0.0.9
42 verbose installOne of web-push to /Users/chrismills/git not in flight; installing
43 verbose lock using /Users/chrismills/.npm/_locks/web-push-9938564a57bf11ba.lock for /Users/chrismills/git/node_modules/web-push
44 silly install write writing web-push 0.0.9 to /Users/chrismills/git/node_modules/web-push
45 verbose unbuild node_modules/web-push
46 silly gentlyRm /Users/chrismills/git/node_modules/web-push is being purged from base /Users/chrismills/git
47 verbose gentlyRm don't care about contents; nuking /Users/chrismills/git/node_modules/web-push
48 verbose tar unpack /Users/chrismills/.npm/web-push/0.0.9/package.tgz
49 verbose tar unpacking to /Users/chrismills/git/node_modules/web-push
50 silly gentlyRm /Users/chrismills/git/node_modules/web-push is being purged
51 verbose gentlyRm don't care about contents; nuking /Users/chrismills/git/node_modules/web-push
52 silly gunzTarPerm modes [ '755', '644' ]
53 silly gunzTarPerm extractEntry package.json
54 silly gunzTarPerm modified mode [ 'package.json', 436, 420 ]
55 silly gunzTarPerm extractEntry .npmignore
56 silly gunzTarPerm modified mode [ '.npmignore', 436, 420 ]
57 silly gunzTarPerm extractEntry README.md
58 silly gunzTarPerm modified mode [ 'README.md', 436, 420 ]
59 silly gunzTarPerm extractEntry LICENSE
60 silly gunzTarPerm modified mode [ 'LICENSE', 436, 420 ]
61 silly gunzTarPerm extractEntry index.js
62 silly gunzTarPerm modified mode [ 'index.js', 436, 420 ]
63 silly gunzTarPerm extractEntry .travis.yml
64 silly gunzTarPerm modified mode [ '.travis.yml', 436, 420 ]
65 silly gunzTarPerm extractEntry app.txt
66 silly gunzTarPerm modified mode [ 'app.txt', 384, 420 ]
67 verbose write writing to /Users/chrismills/git/node_modules/web-push/package.json
68 info preinstall web-push@0.0.9
69 verbose readDependencies loading dependencies from /Users/chrismills/git/node_modules/web-push/package.json
70 silly prepareForInstallMany adding urlsafe-base64@^1.0.0 from web-push dependencies
71 silly prepareForInstallMany adding encrypted-content-encoding@git://github.com/martinthomson/encrypted-content-encoding.git from web-push dependencies
72 verbose readDependencies loading dependencies from /Users/chrismills/git/node_modules/web-push/package.json
73 silly cache add args [ 'urlsafe-base64@^1.0.0', null ]
74 verbose cache add spec urlsafe-base64@^1.0.0
75 silly cache add args [ 'encrypted-content-encoding@git://github.com/martinthomson/encrypted-content-encoding.git',
75 silly cache add   null ]
76 verbose cache add spec encrypted-content-encoding@git://github.com/martinthomson/encrypted-content-encoding.git
77 silly cache add parsed spec { raw: 'urlsafe-base64@^1.0.0',
77 silly cache add   scope: null,
77 silly cache add   name: 'urlsafe-base64',
77 silly cache add   rawSpec: '^1.0.0',
77 silly cache add   spec: '>=1.0.0 <2.0.0',
77 silly cache add   type: 'range' }
78 silly addNamed urlsafe-base64@>=1.0.0 <2.0.0
79 verbose addNamed ">=1.0.0 <2.0.0" is a valid semver range for urlsafe-base64
80 silly addNameRange { name: 'urlsafe-base64',
80 silly addNameRange   range: '>=1.0.0 <2.0.0',
80 silly addNameRange   hasData: false }
81 silly mapToRegistry name urlsafe-base64
82 silly mapToRegistry using default registry
83 silly mapToRegistry registry https://registry.npmjs.org/
84 silly mapToRegistry uri https://registry.npmjs.org/urlsafe-base64
85 verbose addNameRange registry:https://registry.npmjs.org/urlsafe-base64 not in flight; fetching
86 silly cache add parsed spec { raw: 'encrypted-content-encoding@git://github.com/martinthomson/encrypted-content-encoding.git',
86 silly cache add   scope: null,
86 silly cache add   name: 'encrypted-content-encoding',
86 silly cache add   rawSpec: 'git://github.com/martinthomson/encrypted-content-encoding.git',
86 silly cache add   spec: 'git://github.com/martinthomson/encrypted-content-encoding.git',
86 silly cache add   type: 'hosted',
86 silly cache add   hosted:
86 silly cache add    { type: 'github',
86 silly cache add      ssh: 'git@github.com:martinthomson/encrypted-content-encoding.git',
86 silly cache add      sshUrl: 'git+ssh://git@github.com/martinthomson/encrypted-content-encoding.git',
86 silly cache add      httpsUrl: 'git+https://github.com/martinthomson/encrypted-content-encoding.git',
86 silly cache add      gitUrl: 'git://github.com/martinthomson/encrypted-content-encoding.git',
86 silly cache add      shortcut: 'github:martinthomson/encrypted-content-encoding',
86 silly cache add      directUrl: 'https://raw.githubusercontent.com/martinthomson/encrypted-content-encoding/master/package.json' } }
87 verbose addRemoteGit caching git://github.com/martinthomson/encrypted-content-encoding.git
88 verbose addRemoteGit git://github.com/martinthomson/encrypted-content-encoding.git is a repository hosted by github
89 silly tryClone cloning git://github.com/martinthomson/encrypted-content-encoding.git via git://github.com/martinthomson/encrypted-content-encoding.git
90 verbose tryClone git-github-com-martinthomson-encrypted-content-encoding-git-5d4a64ee not in flight; caching
91 verbose request uri https://registry.npmjs.org/urlsafe-base64
92 verbose request no auth needed
93 info attempt registry request try #1 at 1:22:30 PM
94 verbose etag "F1TDEMFC96SRKKXOBIMGK6BBM"
95 http request GET https://registry.npmjs.org/urlsafe-base64
96 info git [ 'config', '--get', 'remote.origin.url' ]
97 http 304 https://registry.npmjs.org/urlsafe-base64
98 silly get cb [ 304,
98 silly get   { date: 'Fri, 16 Oct 2015 12:22:30 GMT',
98 silly get     via: '1.1 varnish',
98 silly get     'cache-control': 'max-age=60',
98 silly get     etag: '"F1TDEMFC96SRKKXOBIMGK6BBM"',
98 silly get     age: '29',
98 silly get     connection: 'keep-alive',
98 silly get     'x-served-by': 'cache-lcy1124-LCY',
98 silly get     'x-cache': 'HIT',
98 silly get     'x-cache-hits': '1',
98 silly get     'x-timer': 'S1444998150.312483,VS0,VE0',
98 silly get     vary: 'Accept' } ]
99 verbose etag https://registry.npmjs.org/urlsafe-base64 from cache
100 verbose get saving urlsafe-base64 to /Users/chrismills/.npm/registry.npmjs.org/urlsafe-base64/.cache.json
101 silly addNameRange number 2 { name: 'urlsafe-base64',
101 silly addNameRange   range: '>=1.0.0 <2.0.0',
101 silly addNameRange   hasData: true }
102 silly addNameRange versions [ 'urlsafe-base64', [ '0.0.1', '0.0.2', '1.0.0' ] ]
103 silly addNamed urlsafe-base64@1.0.0
104 verbose addNamed "1.0.0" is a plain semver version for urlsafe-base64
105 silly cache afterAdd urlsafe-base64@1.0.0
106 verbose afterAdd /Users/chrismills/.npm/urlsafe-base64/1.0.0/package/package.json not in flight; writing
107 verbose afterAdd /Users/chrismills/.npm/urlsafe-base64/1.0.0/package/package.json written
108 silly validateExistingRemote git://github.com/martinthomson/encrypted-content-encoding.git remote.origin.url: git://github.com/martinthomson/encrypted-content-encoding.git
109 verbose validateExistingRemote git://github.com/martinthomson/encrypted-content-encoding.git is updating existing cached remote /Users/chrismills/.npm/_git-remotes/git-github-com-martinthomson-encrypted-content-encoding-git-5d4a64ee
110 info git [ 'fetch', '-a', 'origin' ]
111 verbose updateRemote git fetch -a origin (git://github.com/martinthomson/encrypted-content-encoding.git)
112 verbose setPermissions git://github.com/martinthomson/encrypted-content-encoding.git set permissions on /Users/chrismills/.npm/_git-remotes/git-github-com-martinthomson-encrypted-content-encoding-git-5d4a64ee
113 verbose resolveHead git://github.com/martinthomson/encrypted-content-encoding.git original treeish: master
114 info git [ 'rev-list', '-n1', 'master' ]
115 silly resolveHead git://github.com/martinthomson/encrypted-content-encoding.git resolved treeish: 683234accf49bf86179581b3098c3f0d6911b663
116 verbose resolveHead git://github.com/martinthomson/encrypted-content-encoding.git resolved Git URL: git://github.com/martinthomson/encrypted-content-encoding.git#683234accf49bf86179581b3098c3f0d6911b663
117 silly resolveHead Git working directory: /tmp/npm-40483-9b7ac36c/git-cache-b1c617de65d6/683234accf49bf86179581b3098c3f0d6911b663
118 info git [ 'clone',
118 info git   '/Users/chrismills/.npm/_git-remotes/git-github-com-martinthomson-encrypted-content-encoding-git-5d4a64ee',
118 info git   '/tmp/npm-40483-9b7ac36c/git-cache-b1c617de65d6/683234accf49bf86179581b3098c3f0d6911b663' ]
119 verbose cloneResolved git://github.com/martinthomson/encrypted-content-encoding.git clone Cloning into '/tmp/npm-40483-9b7ac36c/git-cache-b1c617de65d6/683234accf49bf86179581b3098c3f0d6911b663'...
119 verbose cloneResolved done.
120 info git [ 'checkout', '683234accf49bf86179581b3098c3f0d6911b663' ]
121 verbose checkoutTreeish git://github.com/martinthomson/encrypted-content-encoding.git checkout Note: checking out '683234accf49bf86179581b3098c3f0d6911b663'.
121 verbose checkoutTreeish
121 verbose checkoutTreeish You are in 'detached HEAD' state. You can look around, make experimental
121 verbose checkoutTreeish changes and commit them, and you can discard any commits you make in this
121 verbose checkoutTreeish state without impacting any branches by performing another checkout.
121 verbose checkoutTreeish
121 verbose checkoutTreeish If you want to create a new branch to retain commits you create, you may
121 verbose checkoutTreeish do so (now or later) by using -b with the checkout command again. Example:
121 verbose checkoutTreeish
121 verbose checkoutTreeish   git checkout -b new_branch_name
121 verbose checkoutTreeish
121 verbose checkoutTreeish HEAD is now at 683234a... Python v0.2.0
122 error addLocal Could not install /tmp/npm-40483-9b7ac36c/git-cache-b1c617de65d6/683234accf49bf86179581b3098c3f0d6911b663
123 verbose about to build /Users/chrismills/git/node_modules/web-push
124 verbose unlock done using /Users/chrismills/.npm/_locks/web-push-9938564a57bf11ba.lock for /Users/chrismills/git/node_modules/web-push
125 verbose stack Error: EISDIR, read
125 verbose stack     at Error (native)
126 verbose cwd /Users/chrismills/git/push-api-demo
127 error Darwin 15.0.0
128 error argv "node" "/usr/local/bin/npm" "install" "web-push"
129 error node v0.12.7
130 error npm  v2.11.3
131 error code EISDIR
132 error errno -21
133 error EISDIR, read
134 error If you need help, you may report this error at:
134 error     <https://github.com/npm/npm/issues>
135 verbose exit [ -21, true ]
136 verbose unbuild node_modules/web-push
137 info preuninstall web-push@0.0.9
138 info uninstall web-push@0.0.9
139 verbose unbuild rmStuff web-push@0.0.9 from /Users/chrismills/git/node_modules
140 info postuninstall web-push@0.0.9
141 silly gentlyRm /Users/chrismills/git/node_modules/web-push is being purged from base /Users/chrismills/git
142 verbose gentlyRm don't care about contents; nuking /Users/chrismills/git/node_modules/web-push
143 silly vacuum-fs purging /Users/chrismills/git/node_modules/web-push
144 silly vacuum-fs quitting because other entries in /Users/chrismills/git/node_modules
